<?xml version="1.0" encoding="UTF-8"?>
<!-- Generated by org.testng.reporters.JUnitXMLReporter -->
<testsuite ignored="0" hostname="DESKTOP-GN8H4QN" failures="0" tests="3" name="checkbox" time="16.341" errors="0" timestamp="2022-04-17T12:56:20 IST">
  <testcase classname="testingbaba.Testingbaba_checkbox_test" name="@BeforeTest launchtestingbaba" time="16.323">
    <failure type="org.openqa.selenium.ElementNotInteractableException" message="element not interactable
  (Session info: chrome=100.0.4896.88)
Build info: version: &amp;apos;4.1.2&amp;apos;, revision: &amp;apos;9a5a329c5a&amp;apos;
System info: host: &amp;apos;DESKTOP-GN8H4QN&amp;apos;, ip: &amp;apos;192.168.1.36&amp;apos;, os.name: &amp;apos;Windows 10&amp;apos;, os.arch: &amp;apos;amd64&amp;apos;, os.version: &amp;apos;10.0&amp;apos;, java.version: &amp;apos;16.0.1&amp;apos;
Driver info: org.openqa.selenium.chrome.ChromeDriver
Command: [cbf9751de3034f7311b70cb43b725cba, clickElement {id=01ac9d28-8783-4f66-bed9-c6a3fae47391}]
Capabilities {acceptInsecureCerts: false, browserName: chrome, browserVersion: 100.0.4896.88, chrome: {chromedriverVersion: 100.0.4896.60 (6a5d10861ce8..., userDataDir: C:\Users\POOJA SINGH\AppDat...}, goog:chromeOptions: {debuggerAddress: localhost:64979}, javascriptEnabled: true, networkConnectionEnabled: false, pageLoadStrategy: normal, platform: WINDOWS, platformName: WINDOWS, proxy: Proxy(), se:cdp: ws://localhost:64979/devtoo..., se:cdpVersion: 100.0.4896.88, setWindowRect: true, strictFileInteractability: false, timeouts: {implicit: 0, pageLoad: 300000, script: 30000}, unhandledPromptBehavior: dismiss and notify, webauthn:extension:credBlob: true, webauthn:extension:largeBlob: true, webauthn:virtualAuthenticators: true}
Element: [[ChromeDriver: chrome on WINDOWS (cbf9751de3034f7311b70cb43b725cba)] -&amp;gt; xpath: //*[@id=&amp;quot;myModal2&amp;quot;]/div/div/div[1]/button]
Session ID: cbf9751de3034f7311b70cb43b725cba">
      <![CDATA[org.openqa.selenium.ElementNotInteractableException: element not interactable
  (Session info: chrome=100.0.4896.88)
Build info: version: '4.1.2', revision: '9a5a329c5a'
System info: host: 'DESKTOP-GN8H4QN', ip: '192.168.1.36', os.name: 'Windows 10', os.arch: 'amd64', os.version: '10.0', java.version: '16.0.1'
Driver info: org.openqa.selenium.chrome.ChromeDriver
Command: [cbf9751de3034f7311b70cb43b725cba, clickElement {id=01ac9d28-8783-4f66-bed9-c6a3fae47391}]
Capabilities {acceptInsecureCerts: false, browserName: chrome, browserVersion: 100.0.4896.88, chrome: {chromedriverVersion: 100.0.4896.60 (6a5d10861ce8..., userDataDir: C:\Users\POOJA SINGH\AppDat...}, goog:chromeOptions: {debuggerAddress: localhost:64979}, javascriptEnabled: true, networkConnectionEnabled: false, pageLoadStrategy: normal, platform: WINDOWS, platformName: WINDOWS, proxy: Proxy(), se:cdp: ws://localhost:64979/devtoo..., se:cdpVersion: 100.0.4896.88, setWindowRect: true, strictFileInteractability: false, timeouts: {implicit: 0, pageLoad: 300000, script: 30000}, unhandledPromptBehavior: dismiss and notify, webauthn:extension:credBlob: true, webauthn:extension:largeBlob: true, webauthn:virtualAuthenticators: true}
Element: [[ChromeDriver: chrome on WINDOWS (cbf9751de3034f7311b70cb43b725cba)] -> xpath: //*[@id="myModal2"]/div/div/div[1]/button]
Session ID: cbf9751de3034f7311b70cb43b725cba
at org.openqa.selenium.remote.codec.w3c.W3CHttpResponseCodec.createException(W3CHttpResponseCodec.java:200)
at org.openqa.selenium.remote.codec.w3c.W3CHttpResponseCodec.decode(W3CHttpResponseCodec.java:133)
at org.openqa.selenium.remote.codec.w3c.W3CHttpResponseCodec.decode(W3CHttpResponseCodec.java:53)
at org.openqa.selenium.remote.HttpCommandExecutor.execute(HttpCommandExecutor.java:184)
at org.openqa.selenium.remote.service.DriverCommandExecutor.invokeExecute(DriverCommandExecutor.java:167)
at org.openqa.selenium.remote.service.DriverCommandExecutor.execute(DriverCommandExecutor.java:142)
at org.openqa.selenium.remote.RemoteWebDriver.execute(RemoteWebDriver.java:558)
at org.openqa.selenium.remote.RemoteWebElement.execute(RemoteWebElement.java:251)
at org.openqa.selenium.remote.RemoteWebElement.click(RemoteWebElement.java:77)
at org.openqa.selenium.support.pagefactory.internal.LocatingElementHandler.invoke(LocatingElementHandler.java:52)
at jdk.proxy2/jdk.proxy2.$Proxy33.click(Unknown Source)
at pages.Testingbaba_checkbox_page.closebtn(Testingbaba_checkbox_page.java:50)
at testingbaba.Testingbaba_checkbox_test.launchtestingbaba(Testingbaba_checkbox_test.java:38)
... Removed 33 stack frames]]>
    </failure>
  </testcase> <!-- @BeforeTest launchtestingbaba -->
  <testcase classname="baselibrary.Baselibrary" name="@AfterTest Teardown2" time="-1.650180380393E9">
    <skipped/>
  </testcase> <!-- @AfterTest Teardown2 -->
  <testcase classname="testingbaba.Testingbaba_checkbox_test" name="CheckboxTestingBaba_test01" time="0.0">
    <skipped/>
  </testcase> <!-- CheckboxTestingBaba_test01 -->
  <testcase classname="testingbaba.Testingbaba_checkbox_test" name="CheckboxTestingBaba_test02" time="0.0">
    <skipped/>
  </testcase> <!-- CheckboxTestingBaba_test02 -->
  <testcase classname="testingbaba.Testingbaba_checkbox_test" name="CheckboxTestingBaba_test03" time="0.0">
    <skipped/>
  </testcase> <!-- CheckboxTestingBaba_test03 -->
</testsuite> <!-- checkbox -->
