<?xml version="1.0" encoding="UTF-8"?>
<!-- Generated by org.testng.reporters.JUnitXMLReporter -->
<testsuite ignored="0" hostname="DESKTOP-GN8H4QN" failures="0" tests="2" name="Makemytrip" time="20.068" errors="0" timestamp="2022-04-17T12:58:12 IST">
  <testcase classname="makemytrip.Makemytrip_launch_test" name="MakemyTripSendValidNumber_Test01" time="4.576"/>
  <testcase classname="makemytrip.Makemytrip_launch_test" name="MakemyTripSendINValidNumber_Test02" time="9.863"/>
</testsuite> <!-- Makemytrip -->
